{"D:\\Career\\JavaScript\\Redux_Course\\redux-starter\\src\\Tests\\math.js": {"path":"D:\\Career\\JavaScript\\Redux_Course\\redux-starter\\src\\Tests\\math.js","statementMap":{"0":{"start":{"line":1,"column":22},"end":{"line":1,"column":50}},"1":{"start":{"line":1,"column":34},"end":{"line":1,"column":50}}},"fnMap":{"0":{"name":"(anonymous_0)","decl":{"start":{"line":1,"column":22},"end":{"line":1,"column":23}},"loc":{"start":{"line":1,"column":34},"end":{"line":1,"column":50}},"line":1}},"branchMap":{},"s":{"0":1,"1":2},"f":{"0":2},"b":{},"_coverageSchema":"1a1c01bbd47fc00a2c39e90264f33305004495a9","hash":"4ba43f67ad0883b2972a60674d4e571dc7a4ba20"}
,"D:\\Career\\JavaScript\\Redux_Course\\redux-starter\\src\\store\\api.js": {"path":"D:\\Career\\JavaScript\\Redux_Course\\redux-starter\\src\\store\\api.js","statementMap":{"0":{"start":{"line":3,"column":28},"end":{"line":3,"column":57}},"1":{"start":{"line":4,"column":30},"end":{"line":4,"column":61}},"2":{"start":{"line":5,"column":29},"end":{"line":5,"column":59}}},"fnMap":{},"branchMap":{},"s":{"0":1,"1":1,"2":1},"f":{},"b":{},"_coverageSchema":"1a1c01bbd47fc00a2c39e90264f33305004495a9","hash":"8c513f755f8e38be6f298cb4c34a221bd5e5a76c"}
,"D:\\Career\\JavaScript\\Redux_Course\\redux-starter\\src\\store\\bugs.js": {"path":"D:\\Career\\JavaScript\\Redux_Course\\redux-starter\\src\\store\\bugs.js","statementMap":{"0":{"start":{"line":6,"column":13},"end":{"line":6,"column":14}},"1":{"start":{"line":8,"column":14},"end":{"line":44,"column":2}},"2":{"start":{"line":17,"column":6},"end":{"line":17,"column":26}},"3":{"start":{"line":20,"column":6},"end":{"line":20,"column":27}},"4":{"start":{"line":23,"column":6},"end":{"line":23,"column":33}},"5":{"start":{"line":24,"column":6},"end":{"line":24,"column":27}},"6":{"start":{"line":25,"column":6},"end":{"line":25,"column":34}},"7":{"start":{"line":28,"column":6},"end":{"line":28,"column":37}},"8":{"start":{"line":31,"column":20},"end":{"line":31,"column":78}},"9":{"start":{"line":31,"column":49},"end":{"line":31,"column":77}},"10":{"start":{"line":32,"column":6},"end":{"line":32,"column":39}},"11":{"start":{"line":35,"column":20},"end":{"line":35,"column":78}},"12":{"start":{"line":35,"column":49},"end":{"line":35,"column":77}},"13":{"start":{"line":36,"column":6},"end":{"line":36,"column":33}},"14":{"start":{"line":39,"column":36},"end":{"line":39,"column":50}},"15":{"start":{"line":40,"column":20},"end":{"line":40,"column":66}},"16":{"start":{"line":40,"column":49},"end":{"line":40,"column":65}},"17":{"start":{"line":41,"column":6},"end":{"line":41,"column":39}},"18":{"start":{"line":46,"column":0},"end":{"line":46,"column":19}},"19":{"start":{"line":56,"column":4},"end":{"line":56,"column":17}},"20":{"start":{"line":60,"column":12},"end":{"line":60,"column":19}},"21":{"start":{"line":61,"column":24},"end":{"line":73,"column":1}},"22":{"start":{"line":61,"column":30},"end":{"line":73,"column":1}},"23":{"start":{"line":62,"column":24},"end":{"line":62,"column":48}},"24":{"start":{"line":63,"column":24},"end":{"line":63,"column":67}},"25":{"start":{"line":64,"column":2},"end":{"line":64,"column":33}},"26":{"start":{"line":64,"column":26},"end":{"line":64,"column":33}},"27":{"start":{"line":65,"column":2},"end":{"line":72,"column":4}},"28":{"start":{"line":76,"column":22},"end":{"line":77,"column":76}},"29":{"start":{"line":77,"column":2},"end":{"line":77,"column":76}},"30":{"start":{"line":79,"column":31},"end":{"line":85,"column":4}},"31":{"start":{"line":80,"column":2},"end":{"line":85,"column":4}},"32":{"start":{"line":87,"column":26},"end":{"line":93,"column":4}},"33":{"start":{"line":88,"column":2},"end":{"line":93,"column":4}},"34":{"start":{"line":96,"column":35},"end":{"line":97,"column":57}},"35":{"start":{"line":97,"column":2},"end":{"line":97,"column":57}},"36":{"start":{"line":97,"column":43},"end":{"line":97,"column":56}},"37":{"start":{"line":101,"column":33},"end":{"line":104,"column":1}},"38":{"start":{"line":102,"column":13},"end":{"line":102,"column":32}},"39":{"start":{"line":103,"column":12},"end":{"line":103,"column":52}},"40":{"start":{"line":103,"column":38},"end":{"line":103,"column":51}},"41":{"start":{"line":106,"column":29},"end":{"line":111,"column":3}},"42":{"start":{"line":107,"column":2},"end":{"line":111,"column":3}},"43":{"start":{"line":108,"column":15},"end":{"line":108,"column":34}},"44":{"start":{"line":110,"column":14},"end":{"line":110,"column":62}},"45":{"start":{"line":110,"column":40},"end":{"line":110,"column":61}}},"fnMap":{"0":{"name":"(anonymous_0)","decl":{"start":{"line":16,"column":19},"end":{"line":16,"column":20}},"loc":{"start":{"line":16,"column":37},"end":{"line":18,"column":5}},"line":16},"1":{"name":"(anonymous_1)","decl":{"start":{"line":19,"column":25},"end":{"line":19,"column":26}},"loc":{"start":{"line":19,"column":43},"end":{"line":21,"column":5}},"line":19},"2":{"name":"(anonymous_2)","decl":{"start":{"line":22,"column":18},"end":{"line":22,"column":19}},"loc":{"start":{"line":22,"column":36},"end":{"line":26,"column":5}},"line":22},"3":{"name":"(anonymous_3)","decl":{"start":{"line":27,"column":14},"end":{"line":27,"column":15}},"loc":{"start":{"line":27,"column":32},"end":{"line":29,"column":5}},"line":27},"4":{"name":"(anonymous_4)","decl":{"start":{"line":30,"column":17},"end":{"line":30,"column":18}},"loc":{"start":{"line":30,"column":35},"end":{"line":33,"column":5}},"line":30},"5":{"name":"(anonymous_5)","decl":{"start":{"line":31,"column":40},"end":{"line":31,"column":41}},"loc":{"start":{"line":31,"column":49},"end":{"line":31,"column":77}},"line":31},"6":{"name":"(anonymous_6)","decl":{"start":{"line":34,"column":16},"end":{"line":34,"column":17}},"loc":{"start":{"line":34,"column":34},"end":{"line":37,"column":5}},"line":34},"7":{"name":"(anonymous_7)","decl":{"start":{"line":35,"column":40},"end":{"line":35,"column":41}},"loc":{"start":{"line":35,"column":49},"end":{"line":35,"column":77}},"line":35},"8":{"name":"(anonymous_8)","decl":{"start":{"line":38,"column":23},"end":{"line":38,"column":24}},"loc":{"start":{"line":38,"column":41},"end":{"line":42,"column":5}},"line":38},"9":{"name":"(anonymous_9)","decl":{"start":{"line":40,"column":40},"end":{"line":40,"column":41}},"loc":{"start":{"line":40,"column":49},"end":{"line":40,"column":65}},"line":40},"10":{"name":"(anonymous_10)","decl":{"start":{"line":61,"column":24},"end":{"line":61,"column":25}},"loc":{"start":{"line":61,"column":30},"end":{"line":73,"column":1}},"line":61},"11":{"name":"(anonymous_11)","decl":{"start":{"line":61,"column":30},"end":{"line":61,"column":31}},"loc":{"start":{"line":61,"column":54},"end":{"line":73,"column":1}},"line":61},"12":{"name":"(anonymous_12)","decl":{"start":{"line":76,"column":22},"end":{"line":76,"column":23}},"loc":{"start":{"line":77,"column":2},"end":{"line":77,"column":76}},"line":77},"13":{"name":"(anonymous_13)","decl":{"start":{"line":79,"column":31},"end":{"line":79,"column":32}},"loc":{"start":{"line":80,"column":2},"end":{"line":85,"column":4}},"line":80},"14":{"name":"(anonymous_14)","decl":{"start":{"line":87,"column":26},"end":{"line":87,"column":27}},"loc":{"start":{"line":88,"column":2},"end":{"line":93,"column":4}},"line":88},"15":{"name":"(anonymous_15)","decl":{"start":{"line":96,"column":35},"end":{"line":96,"column":36}},"loc":{"start":{"line":97,"column":2},"end":{"line":97,"column":57}},"line":97},"16":{"name":"(anonymous_16)","decl":{"start":{"line":97,"column":34},"end":{"line":97,"column":35}},"loc":{"start":{"line":97,"column":43},"end":{"line":97,"column":56}},"line":97},"17":{"name":"(anonymous_17)","decl":{"start":{"line":102,"column":2},"end":{"line":102,"column":3}},"loc":{"start":{"line":102,"column":13},"end":{"line":102,"column":32}},"line":102},"18":{"name":"(anonymous_18)","decl":{"start":{"line":103,"column":2},"end":{"line":103,"column":3}},"loc":{"start":{"line":103,"column":12},"end":{"line":103,"column":52}},"line":103},"19":{"name":"(anonymous_19)","decl":{"start":{"line":103,"column":29},"end":{"line":103,"column":30}},"loc":{"start":{"line":103,"column":38},"end":{"line":103,"column":51}},"line":103},"20":{"name":"(anonymous_20)","decl":{"start":{"line":106,"column":29},"end":{"line":106,"column":30}},"loc":{"start":{"line":107,"column":2},"end":{"line":111,"column":3}},"line":107},"21":{"name":"(anonymous_21)","decl":{"start":{"line":108,"column":4},"end":{"line":108,"column":5}},"loc":{"start":{"line":108,"column":15},"end":{"line":108,"column":34}},"line":108},"22":{"name":"(anonymous_22)","decl":{"start":{"line":110,"column":4},"end":{"line":110,"column":5}},"loc":{"start":{"line":110,"column":14},"end":{"line":110,"column":62}},"line":110},"23":{"name":"(anonymous_23)","decl":{"start":{"line":110,"column":31},"end":{"line":110,"column":32}},"loc":{"start":{"line":110,"column":40},"end":{"line":110,"column":61}},"line":110}},"branchMap":{"0":{"loc":{"start":{"line":64,"column":2},"end":{"line":64,"column":33}},"type":"if","locations":[{"start":{"line":64,"column":2},"end":{"line":64,"column":33}},{"start":{"line":64,"column":2},"end":{"line":64,"column":33}}],"line":64}},"s":{"0":1,"1":1,"2":0,"3":0,"4":0,"5":0,"6":0,"7":1,"8":0,"9":0,"10":0,"11":0,"12":0,"13":0,"14":0,"15":0,"16":0,"17":0,"18":1,"19":1,"20":1,"21":1,"22":0,"23":0,"24":0,"25":0,"26":0,"27":0,"28":1,"29":3,"30":1,"31":0,"32":1,"33":0,"34":1,"35":0,"36":0,"37":1,"38":0,"39":0,"40":0,"41":1,"42":0,"43":0,"44":0,"45":0},"f":{"0":0,"1":0,"2":0,"3":1,"4":0,"5":0,"6":0,"7":0,"8":0,"9":0,"10":0,"11":0,"12":3,"13":0,"14":0,"15":0,"16":0,"17":0,"18":0,"19":0,"20":0,"21":0,"22":0,"23":0},"b":{"0":[0,0]},"_coverageSchema":"1a1c01bbd47fc00a2c39e90264f33305004495a9","hash":"e7a4731438e4de90d4e0138151d8e34b368777b6"}
,"D:\\Career\\JavaScript\\Redux_Course\\redux-starter\\src\\store\\configureStore.js": {"path":"D:\\Career\\JavaScript\\Redux_Course\\redux-starter\\src\\store\\configureStore.js","statementMap":{"0":{"start":{"line":9,"column":2},"end":{"line":18,"column":5}}},"fnMap":{"0":{"name":"(anonymous_0)","decl":{"start":{"line":8,"column":15},"end":{"line":8,"column":16}},"loc":{"start":{"line":8,"column":27},"end":{"line":19,"column":1}},"line":8}},"branchMap":{},"s":{"0":2},"f":{"0":2},"b":{},"_coverageSchema":"1a1c01bbd47fc00a2c39e90264f33305004495a9","hash":"71ec4d2eb8ae2df013a2866edcec8f529b23f764"}
,"D:\\Career\\JavaScript\\Redux_Course\\redux-starter\\src\\store\\entities.js": {"path":"D:\\Career\\JavaScript\\Redux_Course\\redux-starter\\src\\store\\entities.js","statementMap":{},"fnMap":{},"branchMap":{},"s":{},"f":{},"b":{},"_coverageSchema":"1a1c01bbd47fc00a2c39e90264f33305004495a9","hash":"c83c363ebc7d61705a581134c0bd2b57ebfa5129"}
,"D:\\Career\\JavaScript\\Redux_Course\\redux-starter\\src\\store\\projects.js": {"path":"D:\\Career\\JavaScript\\Redux_Course\\redux-starter\\src\\store\\projects.js","statementMap":{"0":{"start":{"line":3,"column":13},"end":{"line":3,"column":14}},"1":{"start":{"line":5,"column":14},"end":{"line":16,"column":2}},"2":{"start":{"line":10,"column":6},"end":{"line":13,"column":9}},"3":{"start":{"line":18,"column":0},"end":{"line":18,"column":19}},"4":{"start":{"line":20,"column":32},"end":{"line":20,"column":45}}},"fnMap":{"0":{"name":"(anonymous_0)","decl":{"start":{"line":9,"column":18},"end":{"line":9,"column":19}},"loc":{"start":{"line":9,"column":40},"end":{"line":14,"column":5}},"line":9}},"branchMap":{},"s":{"0":1,"1":1,"2":0,"3":1,"4":1},"f":{"0":0},"b":{},"_coverageSchema":"1a1c01bbd47fc00a2c39e90264f33305004495a9","hash":"7b11f535218e240deb13668fd3e5f8d8de77a7a9"}
,"D:\\Career\\JavaScript\\Redux_Course\\redux-starter\\src\\store\\reducer.js": {"path":"D:\\Career\\JavaScript\\Redux_Course\\redux-starter\\src\\store\\reducer.js","statementMap":{},"fnMap":{},"branchMap":{},"s":{},"f":{},"b":{},"_coverageSchema":"1a1c01bbd47fc00a2c39e90264f33305004495a9","hash":"c28da817791fbeab2266eb2d0d31dfbd1a9dd4d9"}
,"D:\\Career\\JavaScript\\Redux_Course\\redux-starter\\src\\store\\users.js": {"path":"D:\\Career\\JavaScript\\Redux_Course\\redux-starter\\src\\store\\users.js","statementMap":{"0":{"start":{"line":3,"column":13},"end":{"line":3,"column":14}},"1":{"start":{"line":5,"column":14},"end":{"line":16,"column":2}},"2":{"start":{"line":10,"column":6},"end":{"line":13,"column":9}},"3":{"start":{"line":18,"column":0},"end":{"line":18,"column":19}},"4":{"start":{"line":20,"column":29},"end":{"line":20,"column":42}}},"fnMap":{"0":{"name":"(anonymous_0)","decl":{"start":{"line":9,"column":15},"end":{"line":9,"column":16}},"loc":{"start":{"line":9,"column":34},"end":{"line":14,"column":5}},"line":9}},"branchMap":{},"s":{"0":1,"1":1,"2":0,"3":1,"4":1},"f":{"0":0},"b":{},"_coverageSchema":"1a1c01bbd47fc00a2c39e90264f33305004495a9","hash":"5ffc3b119f593171e8196b52930afd153b057723"}
,"D:\\Career\\JavaScript\\Redux_Course\\redux-starter\\src\\store\\middleware\\api.js": {"path":"D:\\Career\\JavaScript\\Redux_Course\\redux-starter\\src\\store\\middleware\\api.js","statementMap":{"0":{"start":{"line":16,"column":12},"end":{"line":39,"column":1}},"1":{"start":{"line":16,"column":30},"end":{"line":39,"column":1}},"2":{"start":{"line":16,"column":40},"end":{"line":39,"column":1}},"3":{"start":{"line":17,"column":2},"end":{"line":17,"column":69}},"4":{"start":{"line":17,"column":49},"end":{"line":17,"column":69}},"5":{"start":{"line":19,"column":61},"end":{"line":19,"column":75}},"6":{"start":{"line":20,"column":2},"end":{"line":20,"column":43}},"7":{"start":{"line":20,"column":15},"end":{"line":20,"column":43}},"8":{"start":{"line":21,"column":2},"end":{"line":21,"column":15}},"9":{"start":{"line":22,"column":2},"end":{"line":38,"column":3}},"10":{"start":{"line":23,"column":21},"end":{"line":28,"column":6}},"11":{"start":{"line":30,"column":4},"end":{"line":30,"column":52}},"12":{"start":{"line":32,"column":4},"end":{"line":32,"column":73}},"13":{"start":{"line":32,"column":19},"end":{"line":32,"column":73}},"14":{"start":{"line":35,"column":4},"end":{"line":35,"column":51}},"15":{"start":{"line":37,"column":4},"end":{"line":37,"column":69}},"16":{"start":{"line":37,"column":17},"end":{"line":37,"column":69}}},"fnMap":{"0":{"name":"(anonymous_0)","decl":{"start":{"line":16,"column":12},"end":{"line":16,"column":13}},"loc":{"start":{"line":16,"column":30},"end":{"line":39,"column":1}},"line":16},"1":{"name":"(anonymous_1)","decl":{"start":{"line":16,"column":30},"end":{"line":16,"column":31}},"loc":{"start":{"line":16,"column":40},"end":{"line":39,"column":1}},"line":16},"2":{"name":"(anonymous_2)","decl":{"start":{"line":16,"column":40},"end":{"line":16,"column":41}},"loc":{"start":{"line":16,"column":58},"end":{"line":39,"column":1}},"line":16}},"branchMap":{"0":{"loc":{"start":{"line":17,"column":2},"end":{"line":17,"column":69}},"type":"if","locations":[{"start":{"line":17,"column":2},"end":{"line":17,"column":69}},{"start":{"line":17,"column":2},"end":{"line":17,"column":69}}],"line":17},"1":{"loc":{"start":{"line":20,"column":2},"end":{"line":20,"column":43}},"type":"if","locations":[{"start":{"line":20,"column":2},"end":{"line":20,"column":43}},{"start":{"line":20,"column":2},"end":{"line":20,"column":43}}],"line":20},"2":{"loc":{"start":{"line":32,"column":4},"end":{"line":32,"column":73}},"type":"if","locations":[{"start":{"line":32,"column":4},"end":{"line":32,"column":73}},{"start":{"line":32,"column":4},"end":{"line":32,"column":73}}],"line":32},"3":{"loc":{"start":{"line":37,"column":4},"end":{"line":37,"column":69}},"type":"if","locations":[{"start":{"line":37,"column":4},"end":{"line":37,"column":69}},{"start":{"line":37,"column":4},"end":{"line":37,"column":69}}],"line":37}},"s":{"0":1,"1":2,"2":2,"3":5,"4":3,"5":2,"6":2,"7":0,"8":2,"9":2,"10":2,"11":1,"12":1,"13":1,"14":1,"15":1,"16":0},"f":{"0":2,"1":2,"2":5},"b":{"0":[3,2],"1":[0,2],"2":[1,0],"3":[0,1]},"_coverageSchema":"1a1c01bbd47fc00a2c39e90264f33305004495a9","hash":"03e2ee80e43f9650821405c35a38d0f7e58f61e4"}
,"D:\\Career\\JavaScript\\Redux_Course\\redux-starter\\src\\store\\middleware\\logger.js": {"path":"D:\\Career\\JavaScript\\Redux_Course\\redux-starter\\src\\store\\middleware\\logger.js","statementMap":{"0":{"start":{"line":1,"column":15},"end":{"line":7,"column":1}},"1":{"start":{"line":1,"column":26},"end":{"line":7,"column":1}},"2":{"start":{"line":1,"column":37},"end":{"line":7,"column":1}},"3":{"start":{"line":1,"column":47},"end":{"line":7,"column":1}},"4":{"start":{"line":2,"column":2},"end":{"line":2,"column":32}},"5":{"start":{"line":6,"column":2},"end":{"line":6,"column":22}}},"fnMap":{"0":{"name":"(anonymous_0)","decl":{"start":{"line":1,"column":15},"end":{"line":1,"column":16}},"loc":{"start":{"line":1,"column":26},"end":{"line":7,"column":1}},"line":1},"1":{"name":"(anonymous_1)","decl":{"start":{"line":1,"column":26},"end":{"line":1,"column":27}},"loc":{"start":{"line":1,"column":37},"end":{"line":7,"column":1}},"line":1},"2":{"name":"(anonymous_2)","decl":{"start":{"line":1,"column":37},"end":{"line":1,"column":38}},"loc":{"start":{"line":1,"column":47},"end":{"line":7,"column":1}},"line":1},"3":{"name":"(anonymous_3)","decl":{"start":{"line":1,"column":47},"end":{"line":1,"column":48}},"loc":{"start":{"line":1,"column":59},"end":{"line":7,"column":1}},"line":1}},"branchMap":{},"s":{"0":1,"1":2,"2":2,"3":2,"4":5,"5":5},"f":{"0":2,"1":2,"2":2,"3":5},"b":{},"_coverageSchema":"1a1c01bbd47fc00a2c39e90264f33305004495a9","hash":"34adcb5788991b8f26aa2cf7a308fb8026d6af05"}
,"D:\\Career\\JavaScript\\Redux_Course\\redux-starter\\src\\store\\middleware\\toast.js": {"path":"D:\\Career\\JavaScript\\Redux_Course\\redux-starter\\src\\store\\middleware\\toast.js","statementMap":{"0":{"start":{"line":1,"column":14},"end":{"line":4,"column":1}},"1":{"start":{"line":1,"column":25},"end":{"line":4,"column":1}},"2":{"start":{"line":1,"column":35},"end":{"line":4,"column":1}},"3":{"start":{"line":2,"column":2},"end":{"line":3,"column":27}},"4":{"start":{"line":2,"column":31},"end":{"line":2,"column":79}},"5":{"start":{"line":3,"column":7},"end":{"line":3,"column":27}}},"fnMap":{"0":{"name":"(anonymous_0)","decl":{"start":{"line":1,"column":14},"end":{"line":1,"column":15}},"loc":{"start":{"line":1,"column":25},"end":{"line":4,"column":1}},"line":1},"1":{"name":"(anonymous_1)","decl":{"start":{"line":1,"column":25},"end":{"line":1,"column":26}},"loc":{"start":{"line":1,"column":35},"end":{"line":4,"column":1}},"line":1},"2":{"name":"(anonymous_2)","decl":{"start":{"line":1,"column":35},"end":{"line":1,"column":36}},"loc":{"start":{"line":1,"column":47},"end":{"line":4,"column":1}},"line":1}},"branchMap":{"0":{"loc":{"start":{"line":2,"column":2},"end":{"line":3,"column":27}},"type":"if","locations":[{"start":{"line":2,"column":2},"end":{"line":3,"column":27}},{"start":{"line":2,"column":2},"end":{"line":3,"column":27}}],"line":2}},"s":{"0":1,"1":2,"2":2,"3":5,"4":0,"5":5},"f":{"0":2,"1":2,"2":5},"b":{"0":[0,5]},"_coverageSchema":"1a1c01bbd47fc00a2c39e90264f33305004495a9","hash":"bde2b8d7f0ba8bfc00dccff4f4712cab19b0994c"}
}
